{
  "RSpec": {
    "coverage": {
      "/Users/kylessnell/Dropbox/Projects/rails_projects/dbc_projects/mixtapes/config/environment.rb": [
        null,
        1,
        null,
        null,
        1
      ],
      "/Users/kylessnell/Dropbox/Projects/rails_projects/dbc_projects/mixtapes/config/application.rb": [
        1,
        null,
        1,
        null,
        null,
        1,
        null,
        null,
        null,
        1,
        null,
        1,
        null,
        null,
        null,
        null,
        1,
        1,
        null,
        null,
        null,
        null,
        null,
        1,
        null,
        null,
        null,
        null,
        null,
        null,
        null,
        null,
        null,
        null,
        null,
        null,
        null,
        null,
        null,
        null,
        null,
        1,
        null,
        null,
        1,
        null,
        null,
        1,
        null,
        null,
        null,
        null,
        null,
        null,
        null,
        null,
        null,
        null,
        1,
        null,
        null,
        1,
        null,
        null,
        1,
        null,
        null
      ],
      "/Users/kylessnell/Dropbox/Projects/rails_projects/dbc_projects/mixtapes/config/boot.rb": [
        1,
        null,
        null,
        1,
        null,
        1
      ],
      "/Users/kylessnell/Dropbox/Projects/rails_projects/dbc_projects/mixtapes/config/environments/test.rb": [
        1,
        null,
        null,
        null,
        null,
        null,
        null,
        1,
        null,
        null,
        1,
        1,
        null,
        null,
        1,
        null,
        null,
        1,
        1,
        null,
        null,
        1,
        null,
        null,
        1,
        null,
        null,
        null,
        null,
        1,
        null,
        null,
        1,
        null,
        null,
        1,
        null
      ],
      "/Users/kylessnell/Dropbox/Projects/rails_projects/dbc_projects/mixtapes/config/initializers/backtrace_silencers.rb": [
        null,
        null,
        null,
        null,
        null,
        null,
        null
      ],
      "/Users/kylessnell/Dropbox/Projects/rails_projects/dbc_projects/mixtapes/config/initializers/inflections.rb": [
        null,
        null,
        null,
        null,
        null,
        null,
        null,
        null,
        null,
        null,
        null,
        null,
        null,
        null,
        null
      ],
      "/Users/kylessnell/Dropbox/Projects/rails_projects/dbc_projects/mixtapes/config/initializers/mime_types.rb": [
        null,
        null,
        null,
        null,
        null
      ],
      "/Users/kylessnell/Dropbox/Projects/rails_projects/dbc_projects/mixtapes/config/initializers/omniauth.rb": [
        null,
        null,
        null,
        null,
        null,
        null,
        null
      ],
      "/Users/kylessnell/Dropbox/Projects/rails_projects/dbc_projects/mixtapes/config/initializers/secret_token.rb": [
        null,
        null,
        null,
        null,
        null,
        null,
        1
      ],
      "/Users/kylessnell/Dropbox/Projects/rails_projects/dbc_projects/mixtapes/config/initializers/session_store.rb": [
        null,
        null,
        1,
        null,
        null,
        null,
        null,
        null
      ],
      "/Users/kylessnell/Dropbox/Projects/rails_projects/dbc_projects/mixtapes/config/initializers/setup_mail.rb": [
        1,
        null,
        null,
        null,
        null,
        null,
        null,
        null,
        null,
        1,
        null,
        null
      ],
      "/Users/kylessnell/Dropbox/Projects/rails_projects/dbc_projects/mixtapes/config/initializers/wrap_parameters.rb": [
        null,
        null,
        null,
        null,
        null,
        null,
        1,
        1,
        null,
        null,
        null,
        1,
        1,
        null
      ],
      "/Users/kylessnell/Dropbox/Projects/rails_projects/dbc_projects/mixtapes/app/controllers/application_controller.rb": [
        1,
        1,
        1,
        1,
        null,
        1,
        null,
        null,
        null,
        1,
        null,
        null,
        null,
        null,
        null,
        null,
        null,
        null,
        null,
        1,
        0,
        null,
        null,
        null
      ],
      "/Users/kylessnell/Dropbox/Projects/rails_projects/dbc_projects/mixtapes/app/helpers/application_helper.rb": [
        1,
        null
      ],
      "/Users/kylessnell/Dropbox/Projects/rails_projects/dbc_projects/mixtapes/app/helpers/designs_helper.rb": [
        1,
        null
      ],
      "/Users/kylessnell/Dropbox/Projects/rails_projects/dbc_projects/mixtapes/app/helpers/facebook_users_helper.rb": [
        1,
        null
      ],
      "/Users/kylessnell/Dropbox/Projects/rails_projects/dbc_projects/mixtapes/app/helpers/mixtapes_mailers_helper.rb": [
        1,
        null
      ],
      "/Users/kylessnell/Dropbox/Projects/rails_projects/dbc_projects/mixtapes/app/helpers/searches_helper.rb": [
        1,
        null
      ],
      "/Users/kylessnell/Dropbox/Projects/rails_projects/dbc_projects/mixtapes/app/helpers/sessions_helper.rb": [
        1,
        null,
        1,
        0,
        0,
        0,
        0,
        0,
        0,
        null,
        0,
        0,
        0,
        null,
        0,
        0,
        null,
        0,
        null,
        null,
        1,
        0,
        0,
        0,
        0,
        null,
        null,
        1,
        0,
        null,
        null,
        null
      ],
      "/Users/kylessnell/Dropbox/Projects/rails_projects/dbc_projects/mixtapes/app/helpers/static_pages_helper.rb": [
        1,
        null
      ],
      "/Users/kylessnell/Dropbox/Projects/rails_projects/dbc_projects/mixtapes/app/helpers/users_helper.rb": [
        1,
        null
      ],
      "/Users/kylessnell/Dropbox/Projects/rails_projects/dbc_projects/mixtapes/app/controllers/designs_controller.rb": [
        1,
        null,
        1,
        0,
        null,
        null,
        null
      ],
      "/Users/kylessnell/Dropbox/Projects/rails_projects/dbc_projects/mixtapes/app/controllers/facebook_users_controller.rb": [
        null,
        null,
        null,
        null,
        null,
        null,
        null,
        null,
        null,
        null,
        null,
        null,
        null,
        null
      ],
      "/Users/kylessnell/Dropbox/Projects/rails_projects/dbc_projects/mixtapes/app/controllers/mixtapes_controller.rb": [
        1,
        1,
        null,
        1,
        null,
        null,
        1,
        2,
        2,
        null,
        null,
        1,
        5,
        5,
        null,
        5,
        3,
        3,
        null,
        2,
        null,
        null,
        null,
        1,
        2,
        null,
        null,
        1,
        2,
        2,
        2,
        null,
        null,
        null,
        null
      ],
      "/Users/kylessnell/Dropbox/Projects/rails_projects/dbc_projects/mixtapes/app/models/mixtape.rb": [
        1,
        1,
        1,
        1,
        1,
        1,
        1,
        1,
        null,
        null,
        1,
        null,
        1,
        0,
        0,
        0,
        null,
        null,
        null,
        1,
        0,
        null,
        null,
        1,
        null,
        1,
        14,
        null,
        null
      ],
      "/Users/kylessnell/Dropbox/Projects/rails_projects/dbc_projects/mixtapes/app/controllers/mixtapes_mailers_controller.rb": [
        1,
        null,
        1,
        0,
        0,
        0,
        0,
        0,
        null,
        null,
        null
      ],
      "/Users/kylessnell/Dropbox/Projects/rails_projects/dbc_projects/mixtapes/app/mailers/mixtapes_mailer.rb": [
        1,
        1,
        null,
        1,
        0,
        null,
        null
      ],
      "/Users/kylessnell/Dropbox/Projects/rails_projects/dbc_projects/mixtapes/app/controllers/searches_controller.rb": [
        1,
        1,
        0,
        0,
        0,
        0,
        null,
        null,
        null,
        null
      ],
      "/Users/kylessnell/Dropbox/Projects/rails_projects/dbc_projects/mixtapes/app/controllers/sessions_controller.rb": [
        1,
        1,
        1,
        null,
        1,
        0,
        0,
        0,
        null,
        0,
        0,
        null,
        null,
        1,
        0,
        0,
        null,
        null,
        null
      ],
      "/Users/kylessnell/Dropbox/Projects/rails_projects/dbc_projects/mixtapes/app/controllers/songs_controller.rb": [
        1,
        1,
        0,
        0,
        null,
        0,
        0,
        null,
        null,
        null,
        1,
        0,
        0,
        0,
        0,
        0,
        null,
        null,
        null
      ],
      "/Users/kylessnell/Dropbox/Projects/rails_projects/dbc_projects/mixtapes/app/models/song.rb": [
        1,
        1,
        1,
        1,
        1,
        1,
        null
      ],
      "/Users/kylessnell/Dropbox/Projects/rails_projects/dbc_projects/mixtapes/app/controllers/static_pages_controller.rb": [
        1,
        1,
        null,
        null
      ],
      "/Users/kylessnell/Dropbox/Projects/rails_projects/dbc_projects/mixtapes/app/controllers/users_controller.rb": [
        1,
        1,
        null,
        1,
        null,
        null,
        null,
        null,
        null,
        null,
        null,
        null,
        null,
        null,
        null,
        null,
        null,
        null,
        null,
        null,
        null,
        null,
        null,
        null,
        null,
        null,
        null,
        null,
        null,
        null,
        null,
        null,
        1,
        0,
        0,
        0,
        null,
        null,
        null
      ],
      "/Users/kylessnell/Dropbox/Projects/rails_projects/dbc_projects/mixtapes/app/models/user.rb": [
        1,
        1,
        1,
        1,
        1,
        1,
        1,
        null,
        1,
        null,
        1,
        4,
        null,
        null
      ],
      "/Users/kylessnell/Dropbox/Projects/rails_projects/dbc_projects/mixtapes/app/models/track.rb": [
        1,
        1,
        1,
        1,
        1,
        1,
        null,
        null,
        1,
        0,
        null,
        null
      ],
      "/Users/kylessnell/Dropbox/Projects/rails_projects/dbc_projects/mixtapes/spec/factories/mixtapes.rb": [
        1,
        null,
        1,
        1,
        1,
        null,
        null,
        null
      ],
      "/Users/kylessnell/Dropbox/Projects/rails_projects/dbc_projects/mixtapes/spec/factories/song.rb": [
        1,
        1,
        1,
        1,
        1,
        1,
        1,
        null,
        null,
        null,
        null
      ],
      "/Users/kylessnell/Dropbox/Projects/rails_projects/dbc_projects/mixtapes/spec/factories/tracks.rb": [
        null,
        null,
        1,
        1,
        1,
        1,
        null,
        null,
        null
      ],
      "/Users/kylessnell/Dropbox/Projects/rails_projects/dbc_projects/mixtapes/spec/factories/users.rb": [
        null,
        null,
        1,
        1,
        1,
        1,
        1,
        1,
        1,
        null,
        null
      ],
      "/Users/kylessnell/Dropbox/Projects/rails_projects/dbc_projects/mixtapes/config/routes.rb": [
        1,
        null,
        1,
        null,
        1,
        1,
        1,
        1,
        1,
        1,
        1,
        1,
        1,
        null,
        1,
        1,
        1,
        1,
        1,
        1,
        null
      ],
      "/Users/kylessnell/Dropbox/Projects/rails_projects/dbc_projects/mixtapes/spec/requests/mixtape_spec.rb": [

      ]
    },
    "timestamp": 1354604582
  }
}
